# JRE version: OpenJDK Runtime Environment (10.0.2+13) (build 10.0.2+13-Ubuntu-1ubuntu0.18.04.2)
# Java VM: OpenJDK 64-Bit Server VM (10.0.2+13-Ubuntu-1ubuntu0.18.04.2, mixed mode, tiered, compressed oops, g1 gc, linux-amd64)
Heap:
 garbage-first heap   total 400384K, used 155157K [0x0000000084e00000, 0x0000000100000000)
  region size 1024K, 4 young (4096K), 4 survivors (4096K)
 Metaspace       used 53893K, capacity 54796K, committed 55296K, reserved 1097728K
  class space    used 6091K, capacity 6387K, committed 6400K, reserved 1048576K
GC Heap History (10 events):
Event: 60,322 GC heap after
{Heap after GC invocations=23 (full 0):
 garbage-first heap   total 254976K, used 134407K [0x0000000084e00000, 0x0000000100000000)
  region size 1024K, 7 young (7168K), 7 survivors (7168K)
 Metaspace       used 53891K, capacity 54790K, committed 55296K, reserved 1097728K
  class space    used 6091K, capacity 6386K, committed 6400K, reserved 1048576K
}
Event: 60,407 GC heap before
{Heap before GC invocations=23 (full 0):
 garbage-first heap   total 254976K, used 138503K [0x0000000084e00000, 0x0000000100000000)
  region size 1024K, 12 young (12288K), 7 survivors (7168K)
 Metaspace       used 53891K, capacity 54790K, committed 55296K, reserved 1097728K
  class space    used 6091K, capacity 6386K, committed 6400K, reserved 1048576K
}
Event: 60,461 GC heap after
{Heap after GC invocations=24 (full 0):
 garbage-first heap   total 306176K, used 137710K [0x0000000084e00000, 0x0000000100000000)
  region size 1024K, 2 young (2048K), 2 survivors (2048K)
 Metaspace       used 53891K, capacity 54790K, committed 55296K, reserved 1097728K
  class space    used 6091K, capacity 6386K, committed 6400K, reserved 1048576K
}
Event: 61,931 GC heap before
{Heap before GC invocations=25 (full 0):
 garbage-first heap   total 306176K, used 185838K [0x0000000084e00000, 0x0000000100000000)
  region size 1024K, 43 young (44032K), 2 survivors (2048K)
 Metaspace       used 53891K, capacity 54790K, committed 55296K, reserved 1097728K
  class space    used 6091K, capacity 6386K, committed 6400K, reserved 1048576K
}
Event: 62,097 GC heap after
{Heap after GC invocations=26 (full 0):
 garbage-first heap   total 306176K, used 160528K [0x0000000084e00000, 0x0000000100000000)
  region size 1024K, 6 young (6144K), 6 survivors (6144K)
 Metaspace       used 53891K, capacity 54790K, committed 55296K, reserved 1097728K
  class space    used 6091K, capacity 6386K, committed 6400K, reserved 1048576K
}
Event: 62,418 GC heap before
{Heap before GC invocations=26 (full 0):
 garbage-first heap   total 306176K, used 168720K [0x0000000084e00000, 0x0000000100000000)
  region size 1024K, 14 young (14336K), 6 survivors (6144K)
 Metaspace       used 53891K, capacity 54790K, committed 55296K, reserved 1097728K
  class space    used 6091K, capacity 6386K, committed 6400K, reserved 1048576K
}
Event: 62,512 GC heap after
{Heap after GC invocations=27 (full 0):
 garbage-first heap   total 306176K, used 162816K [0x0000000084e00000, 0x0000000100000000)
  region size 1024K, 2 young (2048K), 2 survivors (2048K)
 Metaspace       used 53891K, capacity 54790K, committed 55296K, reserved 1097728K
  class space    used 6091K, capacity 6386K, committed 6400K, reserved 1048576K
}
Event: 86,831 GC heap before
{Heap before GC invocations=27 (full 0):
 garbage-first heap   total 306176K, used 177152K [0x0000000084e00000, 0x0000000100000000)
  region size 1024K, 17 young (17408K), 2 survivors (2048K)
 Metaspace       used 53893K, capacity 54796K, committed 55296K, reserved 1097728K
  class space    used 6091K, capacity 6387K, committed 6400K, reserved 1048576K
}
Event: 86,968 GC heap after
{Heap after GC invocations=28 (full 0):
 garbage-first heap   total 306176K, used 166563K [0x0000000084e00000, 0x0000000100000000)
  region size 1024K, 6 young (6144K), 6 survivors (6144K)
 Metaspace       used 53893K, capacity 54796K, committed 55296K, reserved 1097728K
  class space    used 6091K, capacity 6387K, committed 6400K, reserved 1048576K
}
Event: 168,998 GC heap before
{Heap before GC invocations=29 (full 0):
 garbage-first heap   total 306176K, used 172707K [0x0000000084e00000, 0x0000000100000000)
  region size 1024K, 29 young (29696K), 6 survivors (6144K)
 Metaspace       used 53893K, capacity 54796K, committed 55296K, reserved 1097728K
  class space    used 6091K, capacity 6387K, committed 6400K, reserved 1048576K
}

